09:50:14.900 [main] INFO  com.hp.it.perf.ac.launch.AcLauncherMain - launcher 'com.hp.it.perf.ac.core.access.AcCoreLauncher' is ready.
09:50:14.933 [main] INFO  c.h.i.perf.ac.launch.AcJmxNamingLauncher - Target JMX Service URL is service:jmx:rmi://RSHENG:11090/jndi/rmi://RSHENG:11090/root
09:50:14.933 [main] INFO  c.h.i.perf.ac.launch.AcJmxNamingLauncher - load spring configuration for jmx naming launcher
09:50:17.538 [main] INFO  c.h.i.perf.ac.launch.AcJmxNamingLauncher - jmx naming launcher spring context is start up
09:50:17.538 [main] INFO  c.h.i.perf.ac.launch.AcJmxNamingLauncher - Core server is ready on URL: 'service:jmx:rmi://RSHENG:11090/jndi/rmi://RSHENG:11090/root'
09:50:17.538 [main] INFO  c.h.i.perf.ac.core.access.AcCoreLauncher - load spring configuration for core launcher
09:50:19.099 [main] INFO  c.h.i.p.a.c.service.AcServiceManagerImpl - found service provider for service [transform]: com.hp.it.perf.ac.service.transform.AcTransformServiceProvider
09:50:19.099 [main] INFO  c.h.i.p.a.c.service.AcServiceManagerImpl - service class name for service [transform]: com.hp.it.perf.ac.service.transform.AcTransformService
09:50:19.287 [main] INFO  c.h.i.p.a.c.service.AcServiceManagerImpl - found service provider for service [dispatch]: com.hp.it.perf.ac.service.dispatch.AcDispatchServiceProvider
09:50:19.287 [main] INFO  c.h.i.p.a.c.service.AcServiceManagerImpl - service class name for service [dispatch]: com.hp.it.perf.ac.service.dispatch.AcDispatchService
09:50:19.396 [main] INFO  c.h.i.p.a.c.service.AcServiceManagerImpl - found service provider for service [transfer]: com.hp.it.perf.ac.service.transfer.AcTransferServiceProvider
09:50:19.396 [main] INFO  c.h.i.p.a.c.service.AcServiceManagerImpl - service class name for service [transfer]: com.hp.it.perf.ac.service.transfer.AcTransferService
09:50:19.583 [main] INFO  c.h.i.p.a.c.service.AcServiceManagerImpl - found service provider for service [data]: com.hp.it.perf.ac.service.data.AcDataServiceProvider
09:50:19.583 [main] INFO  c.h.i.p.a.c.service.AcServiceManagerImpl - service class name for service [data]: com.hp.it.perf.ac.service.data.AcRepositoryService
09:50:19.755 [main] INFO  c.h.i.p.a.c.service.AcServiceManagerImpl - found service provider for service [persist]: com.hp.it.perf.ac.service.persist.AcPersistServiceProvider
09:50:19.755 [main] INFO  c.h.i.p.a.c.service.AcServiceManagerImpl - service class name for service [persist]: com.hp.it.perf.ac.service.persist.AcPersistService
09:50:19.973 [main] INFO  c.h.i.p.a.c.service.AcServiceManagerImpl - found service provider for service [loadclient]: com.hp.it.perf.ac.client.load.AcRealtimeLoadServiceProvider
09:50:19.973 [main] INFO  c.h.i.p.a.c.service.AcServiceManagerImpl - service class name for service [loadclient]: com.hp.it.perf.ac.client.load.AcRealtimeLoadService
09:50:20.114 [main] INFO  c.h.i.p.a.c.service.AcServiceManagerImpl - found service provider for service [spfchain]: com.hp.it.perf.ac.service.spfchain.SpfChainServiceProvider
09:50:20.114 [main] INFO  c.h.i.p.a.c.service.AcServiceManagerImpl - service class name for service [spfchain]: com.hp.it.perf.ac.service.spfchain.SpfChainService
09:50:20.177 [main] INFO  c.h.i.p.a.c.service.AcServiceManagerImpl - found service provider for service [chain]: com.hp.it.perf.ac.service.chain.ChainServiceProvider
09:50:20.177 [main] INFO  c.h.i.p.a.c.service.AcServiceManagerImpl - service class name for service [chain]: com.hp.it.perf.ac.service.chain.ChainService
09:50:20.286 [main] INFO  c.h.i.p.a.c.service.AcServiceManagerImpl - found service provider for service [hpscSearch]: com.hp.it.perf.ac.app.hpsc.search.service.HpscQueryServiceProvider
09:50:20.286 [main] INFO  c.h.i.p.a.c.service.AcServiceManagerImpl - service class name for service [hpscSearch]: com.hp.it.perf.ac.app.hpsc.search.service.HpscQueryService
09:50:20.458 [main] INFO  c.h.i.p.a.c.service.AcServiceManagerImpl - found service provider for service [hpscRealtime]: com.hp.it.perf.ac.app.hpsc.realtime.RealtimeServiceProvider
09:50:20.458 [main] INFO  c.h.i.p.a.c.service.AcServiceManagerImpl - service class name for service [hpscRealtime]: com.hp.it.perf.ac.app.hpsc.realtime.RealtimeService
09:50:20.770 [main] INFO  c.h.i.perf.ac.core.access.AcCoreLauncher - core launcher spring context is start up
09:50:20.770 [main] INFO  c.h.i.perf.ac.core.access.AcCoreLauncher - core context initializer is ready
09:50:20.770 [main] INFO  c.h.i.perf.ac.core.access.AcCoreLauncher - loaded service list is '[transform, loadclient, transfer, hpscSearch, chain, data, persist, dispatch, hpscRealtime, spfchain]'
09:50:23.937 [main] INFO  c.h.i.p.a.c.c.AcCoreContextInitializer - init spring context for core-context
09:50:25.186 [main] INFO  c.h.i.p.a.c.c.AcCoreContextInitializer - starting init service for core context by order: [chain, data, dispatch, persist, hpscRealtime, spfchain, transform, transfer, loadclient, hpscSearch]
09:50:28.073 [main] INFO  neo4j - WARNING! Deprecated configuration options used. See manual for details
09:50:28.073 [main] INFO  neo4j - cannot configure writers and searchers individually since they go together
09:50:28.417 [main] INFO  neo4j.neostore - C:\Users\shengra\git\ac-pom2\ac-hpsc-pom\ac-hpsc-main\data\chain\neostore.relationshiptypestore.db.names non clean shutdown detected
09:50:28.433 [main] INFO  neo4j.neostore - [C:\Users\shengra\git\ac-pom2\ac-hpsc-pom\ac-hpsc-main\data\chain\neostore.relationshiptypestore.db.names] brickCount=0 brickSize=0b mappedMem=0b (storeSize=38b)
09:50:28.448 [main] INFO  neo4j.neostore - C:\Users\shengra\git\ac-pom2\ac-hpsc-pom\ac-hpsc-main\data\chain\neostore.relationshiptypestore.db non clean shutdown detected
09:50:28.448 [main] INFO  neo4j.neostore - [C:\Users\shengra\git\ac-pom2\ac-hpsc-pom\ac-hpsc-main\data\chain\neostore.relationshiptypestore.db] brickCount=0 brickSize=0b mappedMem=0b (storeSize=0b)
09:50:28.464 [main] INFO  neo4j.neostore - C:\Users\shengra\git\ac-pom2\ac-hpsc-pom\ac-hpsc-main\data\chain\neostore.propertystore.db.strings non clean shutdown detected
09:50:28.464 [main] INFO  neo4j.neostore - [C:\Users\shengra\git\ac-pom2\ac-hpsc-pom\ac-hpsc-main\data\chain\neostore.propertystore.db.strings] brickCount=0 brickSize=62848b mappedMem=62914560b (storeSize=128b)
09:50:28.464 [main] INFO  neo4j.neostore - C:\Users\shengra\git\ac-pom2\ac-hpsc-pom\ac-hpsc-main\data\chain\neostore.propertystore.db.index.keys non clean shutdown detected
09:50:28.464 [main] INFO  neo4j.neostore - [C:\Users\shengra\git\ac-pom2\ac-hpsc-pom\ac-hpsc-main\data\chain\neostore.propertystore.db.index.keys] brickCount=0 brickSize=1026b mappedMem=1048576b (storeSize=38b)
09:50:28.479 [main] INFO  neo4j.neostore - C:\Users\shengra\git\ac-pom2\ac-hpsc-pom\ac-hpsc-main\data\chain\neostore.propertystore.db.index non clean shutdown detected
09:50:28.479 [main] INFO  neo4j.neostore - [C:\Users\shengra\git\ac-pom2\ac-hpsc-pom\ac-hpsc-main\data\chain\neostore.propertystore.db.index] brickCount=0 brickSize=10485b mappedMem=1048576b (storeSize=0b)
09:50:28.495 [main] INFO  neo4j.neostore - C:\Users\shengra\git\ac-pom2\ac-hpsc-pom\ac-hpsc-main\data\chain\neostore.propertystore.db.arrays non clean shutdown detected
09:50:28.495 [main] INFO  neo4j.neostore - [C:\Users\shengra\git\ac-pom2\ac-hpsc-pom\ac-hpsc-main\data\chain\neostore.propertystore.db.arrays] brickCount=0 brickSize=62848b mappedMem=62914560b (storeSize=128b)
09:50:28.511 [main] INFO  neo4j.neostore - C:\Users\shengra\git\ac-pom2\ac-hpsc-pom\ac-hpsc-main\data\chain\neostore.propertystore.db non clean shutdown detected
09:50:28.511 [main] INFO  neo4j.neostore - [C:\Users\shengra\git\ac-pom2\ac-hpsc-pom\ac-hpsc-main\data\chain\neostore.propertystore.db] brickCount=0 brickSize=1132461b mappedMem=113246208b (storeSize=0b)
09:50:28.511 [main] INFO  neo4j.neostore - C:\Users\shengra\git\ac-pom2\ac-hpsc-pom\ac-hpsc-main\data\chain\neostore.relationshipstore.db non clean shutdown detected
09:50:28.511 [main] INFO  neo4j.neostore - [C:\Users\shengra\git\ac-pom2\ac-hpsc-pom\ac-hpsc-main\data\chain\neostore.relationshipstore.db] brickCount=0 brickSize=1394580b mappedMem=139460608b (storeSize=0b)
09:50:28.542 [main] INFO  neo4j.neostore - C:\Users\shengra\git\ac-pom2\ac-hpsc-pom\ac-hpsc-main\data\chain\neostore.nodestore.db non clean shutdown detected
09:50:28.542 [main] INFO  neo4j.neostore - [C:\Users\shengra\git\ac-pom2\ac-hpsc-pom\ac-hpsc-main\data\chain\neostore.nodestore.db] brickCount=0 brickSize=31455b mappedMem=31457280b (storeSize=9b)
09:50:28.557 [main] INFO  neo4j.neostore - C:\Users\shengra\git\ac-pom2\ac-hpsc-pom\ac-hpsc-main\data\chain\neostore non clean shutdown detected
09:50:28.557 [main] INFO  neo4j.neostore - [C:\Users\shengra\git\ac-pom2\ac-hpsc-pom\ac-hpsc-main\data\chain\neostore] brickCount=0 brickSize=0b mappedMem=0b (storeSize=54b)
09:50:28.635 [main] INFO  neo4j.xafactory - Non clean shutdown detected on log [C:\Users\shengra\git\ac-pom2\ac-hpsc-pom\ac-hpsc-main\data\chain\nioneo_logical.log.1]. Recovery started ...
09:50:28.636 [main] INFO  neo4j.xafactory - [C:\Users\shengra\git\ac-pom2\ac-hpsc-pom\ac-hpsc-main\data\chain\nioneo_logical.log.1] logVersion=0 with committed tx=1
09:50:28.636 [main] INFO  neo4j.xafactory - [C:\Users\shengra\git\ac-pom2\ac-hpsc-pom\ac-hpsc-main\data\chain\nioneo_logical.log.1] entries found=0 lastEntryPos=16
09:50:28.636 [main] INFO  neo4j.xafactory - Opened logical log [C:\Users\shengra\git\ac-pom2\ac-hpsc-pom\ac-hpsc-main\data\chain\nioneo_logical.log.1] version=0, lastTxId=-1 (recovered)
09:50:28.636 [main] INFO  neo4j.xafactory - XaResourceManager[C:\Users\shengra\git\ac-pom2\ac-hpsc-pom\ac-hpsc-main\data\chain\nioneo_logical.log] sorting 0 xids
09:50:28.636 [main] INFO  neo4j.xafactory - XaResourceManager[C:\Users\shengra\git\ac-pom2\ac-hpsc-pom\ac-hpsc-main\data\chain\nioneo_logical.log] checkRecoveryComplete 0 xids
09:50:28.636 [main] INFO  neo4j.neostore - C:\Users\shengra\git\ac-pom2\ac-hpsc-pom\ac-hpsc-main\data\chain\neostore.relationshiptypestore.db.names rebuild id generator, highId=1 defragged count=0
09:50:28.683 [main] INFO  neo4j.neostore - C:\Users\shengra\git\ac-pom2\ac-hpsc-pom\ac-hpsc-main\data\chain\neostore.propertystore.db.index.keys rebuild id generator, highId=1 defragged count=0
09:50:28.699 [main] INFO  neo4j.neostore - C:\Users\shengra\git\ac-pom2\ac-hpsc-pom\ac-hpsc-main\data\chain\neostore.propertystore.db.index rebuild id generator, highId=1 defragged count=0
09:50:28.714 [main] INFO  neo4j.neostore - C:\Users\shengra\git\ac-pom2\ac-hpsc-pom\ac-hpsc-main\data\chain\neostore.propertystore.db.strings rebuild id generator, highId=1 defragged count=0
09:50:28.730 [main] INFO  neo4j.neostore - C:\Users\shengra\git\ac-pom2\ac-hpsc-pom\ac-hpsc-main\data\chain\neostore.propertystore.db.arrays rebuild id generator, highId=1 defragged count=0
09:50:28.746 [main] INFO  neo4j.neostore - C:\Users\shengra\git\ac-pom2\ac-hpsc-pom\ac-hpsc-main\data\chain\neostore.propertystore.db rebuild id generator, highId=1 defragged count=0
09:50:28.777 [main] INFO  neo4j.neostore - C:\Users\shengra\git\ac-pom2\ac-hpsc-pom\ac-hpsc-main\data\chain\neostore.relationshipstore.db rebuild id generator, highId=1 defragged count=0
09:50:28.808 [main] INFO  neo4j.neostore - C:\Users\shengra\git\ac-pom2\ac-hpsc-pom\ac-hpsc-main\data\chain\neostore.nodestore.db rebuild id generator, highId=1 defragged count=0
09:50:28.824 [main] INFO  neo4j.neostore - C:\Users\shengra\git\ac-pom2\ac-hpsc-pom\ac-hpsc-main\data\chain\neostore rebuild id generator, highId=6 defragged count=0
09:50:28.824 [main] INFO  neo4j.xafactory - XaResourceManager[C:\Users\shengra\git\ac-pom2\ac-hpsc-pom\ac-hpsc-main\data\chain\nioneo_logical.log] recovery completed.
09:50:28.824 [main] INFO  neo4j.xafactory - Recovery on log [C:\Users\shengra\git\ac-pom2\ac-hpsc-pom\ac-hpsc-main\data\chain\nioneo_logical.log.1] completed.
09:50:31.554 [main] INFO  c.h.i.p.a.c.c.AcCoreContextInitializer - init service provider done: chain
09:50:31.976 [main] INFO  c.h.i.p.a.c.c.AcCoreContextInitializer - init service provider done: data
09:50:32.303 [main] INFO  c.h.i.p.a.c.c.AcCoreContextInitializer - init service provider done: dispatch
09:50:33.895 [main] INFO  org.hibernate.annotations.common.Version - Hibernate Commons Annotations 3.2.0.Final
09:50:33.895 [main] INFO  org.hibernate.cfg.Environment - Hibernate 3.6.10.Final
09:50:33.896 [main] INFO  org.hibernate.cfg.Environment - hibernate.properties not found
09:50:33.896 [main] INFO  org.hibernate.cfg.Environment - Bytecode provider name : javassist
09:50:33.896 [main] INFO  org.hibernate.cfg.Environment - using JDK 1.4 java.sql.Timestamp handling
09:50:35.409 [main] INFO  org.hibernate.cfg.AnnotationBinder - Binding entity from annotated class: com.hp.it.perf.ac.app.hpsc.beans.PortletBusinessLog
09:50:35.472 [main] INFO  o.hibernate.cfg.annotations.EntityBinder - Bind entity com.hp.it.perf.ac.app.hpsc.beans.PortletBusinessLog on table PORTLET_BUSINESS_LOG
09:50:35.644 [main] INFO  org.hibernate.cfg.AnnotationBinder - Binding entity from annotated class: com.hp.it.perf.ac.app.hpsc.beans.PortletErrorLog
09:50:35.644 [main] INFO  o.hibernate.cfg.annotations.EntityBinder - Bind entity com.hp.it.perf.ac.app.hpsc.beans.PortletErrorLog on table PORTLET_ERROR_LOG
09:50:35.659 [main] INFO  org.hibernate.cfg.AnnotationBinder - Binding entity from annotated class: com.hp.it.perf.ac.app.hpsc.beans.PortletErrortraceLog
09:50:35.659 [main] INFO  o.hibernate.cfg.annotations.EntityBinder - Bind entity com.hp.it.perf.ac.app.hpsc.beans.PortletErrortraceLog on table PORTLET_ERRORTRACE_LOG
09:50:35.722 [main] INFO  org.hibernate.cfg.AnnotationBinder - Binding entity from annotated class: com.hp.it.perf.ac.app.hpsc.beans.PortletPerformanceLog
09:50:35.722 [main] INFO  o.hibernate.cfg.annotations.EntityBinder - Bind entity com.hp.it.perf.ac.app.hpsc.beans.PortletPerformanceLog on table PORTLET_PERFORMANCE_LOG
09:50:35.769 [main] INFO  org.hibernate.cfg.AnnotationBinder - Binding entity from annotated class: com.hp.it.perf.ac.app.hpsc.beans.SPFPerformanceDBLog$Detail
09:50:35.769 [main] INFO  o.hibernate.cfg.annotations.EntityBinder - Bind entity com.hp.it.perf.ac.app.hpsc.beans.SPFPerformanceDBLog$Detail on table SPF_PERFORMANCE_LOG_DETAIL
09:50:35.769 [main] INFO  org.hibernate.cfg.AnnotationBinder - Binding entity from annotated class: com.hp.it.perf.ac.app.hpsc.beans.SPFPerformanceDBLog
09:50:35.769 [main] INFO  o.hibernate.cfg.annotations.EntityBinder - Bind entity com.hp.it.perf.ac.app.hpsc.beans.SPFPerformanceDBLog on table SPF_PERFORMANCE_LOG
09:50:35.784 [main] INFO  o.h.cfg.annotations.CollectionBinder - Mapping collection: com.hp.it.perf.ac.app.hpsc.beans.SPFPerformanceDBLog.details -> SPF_PERFORMANCE_LOG_DETAIL
09:50:35.800 [main] INFO  org.hibernate.cfg.Configuration - Hibernate Validator not found: ignoring
09:50:35.815 [main] INFO  o.h.c.s.HibernateSearchEventListenerRegister - Unable to find org.hibernate.search.event.FullTextIndexEventListener on the classpath. Hibernate Search is not enabled.
09:50:35.878 [main] INFO  o.h.connection.ConnectionProviderFactory - Initializing connection provider: org.springframework.orm.hibernate3.LocalDataSourceConnectionProvider
09:50:38.815 [main] INFO  org.hibernate.dialect.Dialect - Using dialect: org.hibernate.dialect.H2Dialect
09:50:38.816 [main] INFO  o.h.engine.jdbc.JdbcSupportLoader - Disabling contextual LOB creation as JDBC driver reported JDBC version [3] less than 4
09:50:38.816 [main] INFO  org.hibernate.cfg.SettingsFactory - Database ->
       name : H2
    version : 1.3.158 (2011-07-17)
      major : 1
      minor : 3
09:50:38.816 [main] INFO  org.hibernate.cfg.SettingsFactory - Driver ->
       name : H2 JDBC Driver
    version : 1.3.158 (2011-07-17)
      major : 1
      minor : 3
09:50:38.816 [main] INFO  o.h.t.TransactionFactoryFactory - Transaction strategy: org.springframework.orm.hibernate3.SpringTransactionFactory
09:50:38.816 [main] INFO  o.h.t.TransactionManagerLookupFactory - No TransactionManagerLookup configured (in JTA environment, use of read-write or transactional second-level cache is not recommended)
09:50:38.816 [main] INFO  org.hibernate.cfg.SettingsFactory - Automatic flush during beforeCompletion(): disabled
09:50:38.816 [main] INFO  org.hibernate.cfg.SettingsFactory - Automatic session close at end of transaction: disabled
09:50:38.816 [main] INFO  org.hibernate.cfg.SettingsFactory - JDBC batch size: 5000
09:50:38.816 [main] INFO  org.hibernate.cfg.SettingsFactory - JDBC batch updates for versioned data: disabled
09:50:38.831 [main] INFO  org.hibernate.cfg.SettingsFactory - Scrollable result sets: enabled
09:50:38.831 [main] INFO  org.hibernate.cfg.SettingsFactory - JDBC3 getGeneratedKeys(): enabled
09:50:38.831 [main] INFO  org.hibernate.cfg.SettingsFactory - Connection release mode: auto
09:50:38.847 [main] INFO  org.hibernate.cfg.SettingsFactory - Default batch fetch size: 1
09:50:38.847 [main] INFO  org.hibernate.cfg.SettingsFactory - Generate SQL with comments: disabled
09:50:38.847 [main] INFO  org.hibernate.cfg.SettingsFactory - Order SQL updates by primary key: disabled
09:50:38.847 [main] INFO  org.hibernate.cfg.SettingsFactory - Order SQL inserts for batching: disabled
09:50:38.847 [main] INFO  org.hibernate.cfg.SettingsFactory - Query translator: org.hibernate.hql.ast.ASTQueryTranslatorFactory
09:50:38.847 [main] INFO  o.h.hql.ast.ASTQueryTranslatorFactory - Using ASTQueryTranslatorFactory
09:50:38.847 [main] INFO  org.hibernate.cfg.SettingsFactory - Query language substitutions: {}
09:50:38.847 [main] INFO  org.hibernate.cfg.SettingsFactory - JPA-QL strict compliance: disabled
09:50:38.847 [main] INFO  org.hibernate.cfg.SettingsFactory - Second-level cache: disabled
09:50:38.847 [main] INFO  org.hibernate.cfg.SettingsFactory - Query cache: disabled
09:50:38.847 [main] INFO  org.hibernate.cfg.SettingsFactory - Cache region factory : org.hibernate.cache.impl.NoCachingRegionFactory
09:50:38.847 [main] INFO  org.hibernate.cfg.SettingsFactory - Optimize cache for minimal puts: disabled
09:50:38.847 [main] INFO  org.hibernate.cfg.SettingsFactory - Structured second-level cache entries: disabled
09:50:38.847 [main] INFO  org.hibernate.cfg.SettingsFactory - Statistics: enabled
09:50:38.847 [main] INFO  org.hibernate.cfg.SettingsFactory - Deleted entity synthetic identifier rollback: disabled
09:50:38.847 [main] INFO  org.hibernate.cfg.SettingsFactory - Default entity-mode: pojo
09:50:38.847 [main] INFO  org.hibernate.cfg.SettingsFactory - Named query checking : enabled
09:50:38.847 [main] INFO  org.hibernate.cfg.SettingsFactory - Check Nullability in Core (should be disabled when Bean Validation is on): disabled
09:50:38.878 [main] INFO  org.hibernate.impl.SessionFactoryImpl - building session factory
09:50:38.878 [main] INFO  org.hibernate.type.BasicTypeRegistry - Type registration [wrapper_characters_clob] overrides previous : org.hibernate.type.CharacterArrayClobType@e3d4817
09:50:38.878 [main] INFO  org.hibernate.type.BasicTypeRegistry - Type registration [blob] overrides previous : org.hibernate.type.BlobType@5947e54e
09:50:38.878 [main] INFO  org.hibernate.type.BasicTypeRegistry - Type registration [java.sql.Blob] overrides previous : org.hibernate.type.BlobType@5947e54e
09:50:38.878 [main] INFO  org.hibernate.type.BasicTypeRegistry - Type registration [clob] overrides previous : org.hibernate.type.ClobType@7f1f91ac
09:50:38.878 [main] INFO  org.hibernate.type.BasicTypeRegistry - Type registration [java.sql.Clob] overrides previous : org.hibernate.type.ClobType@7f1f91ac
09:50:38.878 [main] INFO  org.hibernate.type.BasicTypeRegistry - Type registration [materialized_blob] overrides previous : org.hibernate.type.MaterializedBlobType@7194f467
09:50:38.878 [main] INFO  org.hibernate.type.BasicTypeRegistry - Type registration [characters_clob] overrides previous : org.hibernate.type.PrimitiveCharacterArrayClobType@6a39d072
09:50:38.878 [main] INFO  org.hibernate.type.BasicTypeRegistry - Type registration [materialized_clob] overrides previous : org.hibernate.type.MaterializedClobType@79a422d9
09:50:38.878 [main] INFO  org.hibernate.type.BasicTypeRegistry - Type registration [wrapper_materialized_blob] overrides previous : org.hibernate.type.WrappedMaterializedBlobType@6ec12f3
09:50:39.315 [main] INFO  o.h.impl.SessionFactoryObjectFactory - Not binding factory to JNDI, no JNDI name configured
09:50:39.330 [main] INFO  org.hibernate.tool.hbm2ddl.SchemaUpdate - Running hbm2ddl schema update
09:50:39.330 [main] INFO  org.hibernate.tool.hbm2ddl.SchemaUpdate - fetching database metadata
09:50:39.330 [main] INFO  org.hibernate.tool.hbm2ddl.SchemaUpdate - updating schema
09:50:39.362 [main] INFO  org.hibernate.tool.hbm2ddl.TableMetadata - table found: AC-H2.PUBLIC.PORTLET_BUSINESS_LOG
09:50:39.362 [main] INFO  org.hibernate.tool.hbm2ddl.TableMetadata - columns: [portlet_method, user_login, location, status, locale, portlet_mode, transaction_id, hpsc_dc_id, duration, acid, context_infos, date_time, portlet_name]
09:50:39.362 [main] INFO  org.hibernate.tool.hbm2ddl.TableMetadata - foreign keys: []
09:50:39.362 [main] INFO  org.hibernate.tool.hbm2ddl.TableMetadata - indexes: [primary_key_7]
09:50:39.362 [main] INFO  org.hibernate.tool.hbm2ddl.TableMetadata - table found: AC-H2.PUBLIC.PORTLET_ERRORTRACE_LOG
09:50:39.362 [main] INFO  org.hibernate.tool.hbm2ddl.TableMetadata - columns: [acid, location, error_message, date_time, transaction_id]
09:50:39.362 [main] INFO  org.hibernate.tool.hbm2ddl.TableMetadata - foreign keys: []
09:50:39.362 [main] INFO  org.hibernate.tool.hbm2ddl.TableMetadata - indexes: [primary_key_d]
09:50:39.362 [main] INFO  org.hibernate.tool.hbm2ddl.TableMetadata - table found: AC-H2.PUBLIC.PORTLET_ERROR_LOG
09:50:39.377 [main] INFO  org.hibernate.tool.hbm2ddl.TableMetadata - columns: [acid, location, context_info, error_info, date_time, transaction_id]
09:50:39.377 [main] INFO  org.hibernate.tool.hbm2ddl.TableMetadata - foreign keys: []
09:50:39.377 [main] INFO  org.hibernate.tool.hbm2ddl.TableMetadata - indexes: [primary_key_d4]
09:50:39.377 [main] INFO  org.hibernate.tool.hbm2ddl.TableMetadata - table found: AC-H2.PUBLIC.PORTLET_PERFORMANCE_LOG
09:50:39.377 [main] INFO  org.hibernate.tool.hbm2ddl.TableMetadata - columns: [session_id, duration, portlet_method, acid, location, date_time, transaction_id, portlet_name]
09:50:39.377 [main] INFO  org.hibernate.tool.hbm2ddl.TableMetadata - foreign keys: []
09:50:39.377 [main] INFO  org.hibernate.tool.hbm2ddl.TableMetadata - indexes: [primary_key_2]
09:50:39.377 [main] INFO  org.hibernate.tool.hbm2ddl.TableMetadata - table found: AC-H2.PUBLIC.PORTLET_PERFORMANCE_LOG_DETAIL
09:50:39.377 [main] INFO  org.hibernate.tool.hbm2ddl.TableMetadata - columns: [duration, acid, detail_order, name]
09:50:39.377 [main] INFO  org.hibernate.tool.hbm2ddl.TableMetadata - foreign keys: [fk157f096088b48ca8]
09:50:39.377 [main] INFO  org.hibernate.tool.hbm2ddl.TableMetadata - indexes: [primary_key_1]
09:50:39.393 [main] INFO  org.hibernate.tool.hbm2ddl.TableMetadata - table found: AC-H2.PUBLIC.SPF_PERFORMANCE_LOG
09:50:39.393 [main] INFO  org.hibernate.tool.hbm2ddl.TableMetadata - columns: [thread_name, hpsc_dc_id, duration, acid, location, name, status_detail, log_status, date_time]
09:50:39.393 [main] INFO  org.hibernate.tool.hbm2ddl.TableMetadata - foreign keys: []
09:50:39.393 [main] INFO  org.hibernate.tool.hbm2ddl.TableMetadata - indexes: [primary_key_14]
09:50:39.393 [main] INFO  org.hibernate.tool.hbm2ddl.TableMetadata - table found: AC-H2.PUBLIC.SPF_PERFORMANCE_LOG_DETAIL
09:50:39.393 [main] INFO  org.hibernate.tool.hbm2ddl.TableMetadata - columns: [hpsc_dc_id, duration, acid, detail_order, name, status_detail, parent_acid, type, log_status]
09:50:39.393 [main] INFO  org.hibernate.tool.hbm2ddl.TableMetadata - foreign keys: [fk2142ccd14ffa244e]
09:50:39.393 [main] INFO  org.hibernate.tool.hbm2ddl.TableMetadata - indexes: [primary_key_21, fk2142ccd14ffa244e_index_2]
09:50:39.393 [main] INFO  org.hibernate.tool.hbm2ddl.SchemaUpdate - schema update complete
09:50:45.914 [main] INFO  c.h.i.p.a.c.c.AcCoreContextInitializer - init service provider done: persist
09:50:47.131 [main] INFO  c.h.i.p.a.c.c.AcCoreContextInitializer - init service provider done: hpscRealtime
09:50:48.100 [main] INFO  c.h.i.p.a.s.spfchain.SpfChainServiceImpl - register linker: com.hp.it.perf.ac.service.spfchain.portal.SPFLinker@27660d22
09:50:48.100 [main] INFO  c.h.i.p.a.s.spfchain.SpfChainServiceImpl - register linker: com.hp.it.perf.ac.service.spfchain.portlet.PortletLinker@1ce84763
09:50:48.100 [main] INFO  c.h.i.p.a.c.c.AcCoreContextInitializer - init service provider done: spfchain
09:50:48.802 [main] INFO  c.h.i.p.a.s.t.i.AcTransformManagerImpl - start loading transformers
09:50:49.161 [main] INFO  c.h.i.p.a.s.t.i.AcTransformManagerImpl - transformer is loaded with name 'log.spf.portlet': com.hp.it.perf.ac.app.hpsc.transform.PortletLogBeanTransformer@6094cbe2
09:50:49.224 [main] INFO  c.h.i.p.a.s.t.i.AcTransformManagerImpl - transformer is loaded with name 'log.spf.portal.spfperformance': com.hp.it.perf.ac.app.hpsc.transform.SPFPerfLogBeanTransformer@3e4f7537
09:50:49.239 [main] INFO  c.h.i.p.a.s.t.i.AcTransformManagerImpl - transformers are loaded: [log.spf.portal.spfperformance, log.spf.portlet]
09:50:49.255 [main] INFO  c.h.i.p.a.c.c.AcCoreContextInitializer - init service provider done: transform
09:50:51.096 [main] INFO  c.h.i.p.a.c.c.AcCoreContextInitializer - init service provider done: transfer
09:50:54.170 [main] INFO  c.h.i.p.a.c.c.AcCoreContextInitializer - init service provider done: loadclient
09:51:00.770 [main] INFO  c.h.i.p.a.c.c.AcCoreContextInitializer - init service provider done: hpscSearch
09:51:01.067 [main] INFO  c.h.i.p.a.s.data.AcRepositoryServiceImpl - get count of persist data into repository: 0
09:51:01.426 [pool-3-thread-5] INFO  c.h.i.p.ac.core.hub.SimpleAcDataHubImpl - start hub endpoint
09:51:01.426 [pool-3-thread-5] INFO  c.h.i.p.ac.core.hub.SimpleAcDataHubImpl - update endpoint name from 'pool-3-thread-5' to 'ac-data-hub [spfchain]'
09:51:01.426 [pool-3-thread-2] INFO  c.h.i.p.ac.core.hub.SimpleAcDataHubImpl - start hub endpoint
09:51:01.426 [pool-3-thread-2] INFO  c.h.i.p.ac.core.hub.SimpleAcDataHubImpl - update endpoint name from 'pool-3-thread-2' to 'ac-data-hub [data]'
09:51:01.426 [pool-3-thread-1] INFO  c.h.i.p.ac.core.hub.SimpleAcDataHubImpl - start hub endpoint
09:51:01.426 [pool-3-thread-1] INFO  c.h.i.p.ac.core.hub.SimpleAcDataHubImpl - update endpoint name from 'pool-3-thread-1' to 'ac-data-hub [persist-payload]'
09:51:01.426 [pool-3-thread-3] INFO  c.h.i.p.ac.core.hub.SimpleAcDataHubImpl - start hub endpoint
09:51:01.426 [pool-3-thread-3] INFO  c.h.i.p.ac.core.hub.SimpleAcDataHubImpl - update endpoint name from 'pool-3-thread-3' to 'ac-data-hub [hpscRealtime]'
09:51:01.426 [pool-3-thread-4] INFO  c.h.i.p.ac.core.hub.SimpleAcDataHubImpl - start hub endpoint
09:51:01.426 [pool-3-thread-4] INFO  c.h.i.p.ac.core.hub.SimpleAcDataHubImpl - update endpoint name from 'pool-3-thread-4' to 'ac-data-hub [persist-common]'
09:51:01.473 [main] INFO  c.h.i.p.a.c.l.AcRealtimeLoadServiceImpl - realtime load client service is not started
09:52:58.002 [RMI TCP Connection(6)-16.165.93.148] WARN  c.h.i.p.a.c.s.i.AcServiceLoggingInterceptor - public abstract com.hp.it.perf.ac.common.model.AcCommonData com.hp.it.perf.ac.service.persist.AcPersistService.readCommonData(long) throws com.hp.it.perf.ac.service.persist.AcPersistException cause error: com.hp.it.perf.ac.service.persist.AcPersistException: no ac commont data found by id: 0
09:52:58.003 [RMI TCP Connection(6)-16.165.93.148] WARN  c.h.i.p.a.c.s.i.AcServiceLoggingInterceptor - public abstract com.hp.it.perf.ac.common.model.AcCommonData com.hp.it.perf.ac.service.data.AcRepositoryService.getCommonDataWithoutPayLoad(long) cause error: com.hp.it.perf.ac.service.persist.AcPersistException: no ac commont data found by id: 0
09:53:09.071 [RMI TCP Connection(3)-16.165.93.148] WARN  c.h.i.p.a.c.s.i.AcServiceLoggingInterceptor - public abstract java.util.Collection com.hp.it.perf.ac.app.hpsc.realtime.RealtimeService.getAllRealtimeData() cause error: org.springframework.dao.DataAccessResourceFailureException: can't call something : /127.0.0.1:27017/acrt-tristan; nested exception is com.mongodb.MongoException$Network: can't call something : /127.0.0.1:27017/acrt-tristan
09:53:12.171 [RMI TCP Connection(3)-16.165.93.148] WARN  c.h.i.p.a.c.s.i.AcServiceLoggingInterceptor - public abstract long com.hp.it.perf.ac.app.hpsc.realtime.RealtimeService.getSize() cause error: com.mongodb.MongoException$Network: can't call something : /127.0.0.1:27017/acrt-tristan
09:53:15.217 [RMI TCP Connection(3)-16.165.93.148] WARN  c.h.i.p.a.c.s.i.AcServiceLoggingInterceptor - public abstract java.util.Collection com.hp.it.perf.ac.app.hpsc.realtime.RealtimeService.getAllRealtimeData() cause error: org.springframework.dao.DataAccessResourceFailureException: can't call something : /127.0.0.1:27017/acrt-tristan; nested exception is com.mongodb.MongoException$Network: can't call something : /127.0.0.1:27017/acrt-tristan
09:53:18.254 [RMI TCP Connection(8)-16.165.93.148] WARN  c.h.i.p.a.c.s.i.AcServiceLoggingInterceptor - public abstract long com.hp.it.perf.ac.app.hpsc.realtime.RealtimeService.getSize() cause error: com.mongodb.MongoException$Network: can't call something : /127.0.0.1:27017/acrt-tristan
